[ 2016-12-13 15:20:05 ] prodution   : INFO     程序开始运行，初始化完成
[ 2016-12-13 15:20:38 ] prodution   : INFO     程序开始运行，初始化完成
[ 2016-12-13 15:20:58 ] prodution   : INFO     程序开始运行，初始化完成
[ 2016-12-13 15:22:26 ] prodution   : INFO     程序开始运行，初始化完成
[ 2016-12-13 15:23:26 ] prodution   : INFO     程序开始运行，初始化完成
[ 2016-12-13 15:23:42 ] prodution   : INFO     程序开始运行，初始化完成
[ 2016-12-13 15:24:16 ] prodution   : INFO     程序开始运行，初始化完成
[ 2016-12-13 15:24:16 ] prodution   : ERROR    etcd服务器<module 'etcd' from 'E:\Python27\lib\site-packages\etcd\__init__.pyc'>无法连接
[ 2016-12-13 15:24:27 ] prodution   : INFO     程序开始运行，初始化完成
[ 2016-12-13 15:24:27 ] prodution   : ERROR    etcd服务器<module 'etcd' from 'E:\Python27\lib\site-packages\etcd\__init__.pyc'>无法连接
[ 2016-12-13 15:24:54 ] prodution   : INFO     程序开始运行，初始化完成
[ 2016-12-13 15:24:54 ] prodution   : ERROR    etcd服务器<module 'etcd' from 'E:\Python27\lib\site-packages\etcd\__init__.pyc'>无法连接
[ 2016-12-13 15:25:25 ] prodution   : INFO     程序开始运行，初始化完成
[ 2016-12-13 15:25:25 ] prodution   : ERROR    etcd服务器<module 'etcd' from 'E:\Python27\lib\site-packages\etcd\__init__.pyc'>无法连接
[ 2016-12-13 15:25:41 ] prodution   : INFO     程序开始运行，初始化完成
[ 2016-12-13 15:25:41 ] prodution   : ERROR    etcd服务器<module 'etcd' from 'E:\Python27\lib\site-packages\etcd\__init__.pyc'>无法连接
[ 2016-12-13 15:26:14 ] prodution   : INFO     程序开始运行，初始化完成
[ 2016-12-13 15:26:14 ] prodution   : ERROR    etcd服务器<module 'etcd' from 'E:\Python27\lib\site-packages\etcd\__init__.pyc'>无法连接
[ 2016-12-13 15:26:24 ] prodution   : INFO     程序开始运行，初始化完成
[ 2016-12-13 15:26:24 ] prodution   : ERROR    etcd服务器<module 'etcd' from 'E:\Python27\lib\site-packages\etcd\__init__.pyc'>无法连接
[ 2016-12-13 15:26:35 ] prodution   : INFO     程序开始运行，初始化完成
[ 2016-12-13 15:27:00 ] prodution   : INFO     程序开始运行，初始化完成
[ 2016-12-13 15:27:20 ] prodution   : INFO     程序开始运行，初始化完成
[ 2016-12-13 15:27:20 ] prodution   : ERROR    etcd服务器<module 'etcd' from 'E:\Python27\lib\site-packages\etcd\__init__.pyc'>无法连接
[ 2016-12-13 15:28:04 ] prodution   : INFO     程序开始运行，初始化完成
[ 2016-12-13 15:28:04 ] prodution   : ERROR    etcd服务器<module 'etcd' from 'E:\Python27\lib\site-packages\etcd\__init__.pyc'>无法连接
[ 2016-12-13 15:28:20 ] prodution   : INFO     程序开始运行，初始化完成
[ 2016-12-13 15:28:20 ] prodution   : ERROR    etcd服务器<module 'etcd' from 'E:\Python27\lib\site-packages\etcd\__init__.pyc'>无法连接
[ 2016-12-13 15:28:46 ] prodution   : INFO     程序开始运行，初始化完成
[ 2016-12-13 15:28:46 ] prodution   : ERROR    etcd服务器<module 'etcd' from 'E:\Python27\lib\site-packages\etcd\__init__.pyc'>无法连接
[ 2016-12-13 15:28:48 ] prodution   : INFO     程序开始运行，初始化完成
[ 2016-12-13 15:28:48 ] prodution   : ERROR    etcd服务器<module 'etcd' from 'E:\Python27\lib\site-packages\etcd\__init__.pyc'>无法连接
[ 2016-12-13 15:29:15 ] prodution   : INFO     程序开始运行，初始化完成
[ 2016-12-13 15:29:15 ] prodution   : ERROR    etcd服务器<module 'etcd' from 'E:\Python27\lib\site-packages\etcd\__init__.pyc'>无法连接
[ 2016-12-13 15:29:49 ] prodution   : INFO     程序开始运行，初始化完成
[ 2016-12-13 15:29:49 ] prodution   : ERROR    etcd服务器172.19.20.116无法连接
[ 2016-12-13 15:30:08 ] prodution   : INFO     程序开始运行，初始化完成
[ 2016-12-13 15:30:08 ] prodution   : ERROR    etcd服务器172.19.20.116无法连接
[ 2016-12-13 15:32:07 ] prodution   : INFO     程序开始运行，初始化完成
[ 2016-12-13 15:32:07 ] prodution   : ERROR    etcd服务器172.19.20.116无法连接
[ 2016-12-13 15:32:28 ] prodution   : INFO     程序开始运行，初始化完成
[ 2016-12-13 15:32:28 ] prodution   : ERROR    etcd服务器'ascii' codec can't decode byte 0xe9 in position 14: ordinal not in range(128)无法连接
[ 2016-12-13 15:33:29 ] prodution   : INFO     程序开始运行，初始化完成
[ 2016-12-13 15:34:02 ] prodution   : INFO     程序开始运行，初始化完成
[ 2016-12-13 15:34:38 ] prodution   : INFO     程序开始运行，初始化完成
[ 2016-12-13 15:35:26 ] prodution   : INFO     程序开始运行，初始化完成
[ 2016-12-13 15:35:26 ] prodution   : ERROR    etcd服务器'ascii' codec can't decode byte 0xe9 in position 14: ordinal not in range(128)无法连接
[ 2016-12-13 15:35:52 ] prodution   : INFO     程序开始运行，初始化完成
[ 2016-12-13 15:35:52 ] prodution   : ERROR    etcd服务器'ascii' codec can't decode byte 0xe9 in position 14: ordinal not in range(128)无法连接
[ 2016-12-13 15:36:04 ] prodution   : INFO     程序开始运行，初始化完成
[ 2016-12-13 15:36:04 ] prodution   : ERROR    etcd服务器'ascii' codec can't decode byte 0xe9 in position 14: ordinal not in range(128)无法连接
[ 2016-12-13 15:36:12 ] prodution   : INFO     程序开始运行，初始化完成
[ 2016-12-13 15:36:23 ] prodution   : INFO     程序开始运行，初始化完成
[ 2016-12-13 15:36:50 ] prodution   : INFO     程序开始运行，初始化完成
[ 2016-12-13 15:37:10 ] prodution   : INFO     程序开始运行，初始化完成
[ 2016-12-13 15:38:14 ] prodution   : INFO     程序开始运行，初始化完成
[ 2016-12-13 15:43:08 ] prodution   : INFO     程序开始运行，初始化完成
[ 2016-12-13 15:43:08 ] prodution   : ERROR    etcd服务器local variable 'port' referenced before assignment无法连接
[ 2016-12-13 15:43:39 ] prodution   : INFO     程序开始运行，初始化完成
[ 2016-12-13 15:43:39 ] prodution   : ERROR    etcd服务器local variable 'port' referenced before assignment无法连接
[ 2016-12-13 15:44:32 ] prodution   : INFO     程序开始运行，初始化完成
[ 2016-12-13 15:44:32 ] prodution   : ERROR    etcd服务器local variable 'port' referenced before assignment无法连接
[ 2016-12-13 15:45:08 ] prodution   : INFO     程序开始运行，初始化完成
[ 2016-12-13 15:45:08 ] prodution   : ERROR    etcd服务器local variable 'port' referenced before assignment无法连接
[ 2016-12-13 15:45:36 ] prodution   : INFO     程序开始运行，初始化完成
[ 2016-12-13 15:45:53 ] prodution   : ERROR    etcd服务器local variable 'port' referenced before assignment无法连接
[ 2016-12-13 15:46:22 ] prodution   : INFO     程序开始运行，初始化完成
[ 2016-12-13 15:46:44 ] prodution   : ERROR    文件d:/opt/data/rpg/rpg.jar传输完成
[ 2016-12-13 15:53:41 ] prodution   : INFO     程序开始运行，初始化完成
[ 2016-12-13 15:53:43 ] prodution   : ERROR    文件d:/opt/data/rpg/rpg.jar传输完成
[ 2016-12-13 15:53:45 ] prodution   : ERROR    文件d:/opt/data/whp/whp.txt传输完成
[ 2016-12-13 15:57:17 ] prodution   : INFO     程序开始运行，初始化完成
[ 2016-12-13 15:57:19 ] prodution   : ERROR    文件d:/opt/data/rpg/rpg.jar传输完成
[ 2016-12-13 15:57:21 ] prodution   : ERROR    文件d:/opt/data/whp/whp.txt传输完成
[ 2016-12-13 15:57:24 ] prodution   : ERROR    文件d:/opt/data/rpg/rpg.jar传输完成
[ 2016-12-13 15:57:26 ] prodution   : ERROR    文件d:/opt/data/whp/whp.txt传输完成
[ 2016-12-13 15:57:29 ] prodution   : ERROR    文件d:/opt/data/rpg/rpg.jar传输完成
[ 2016-12-13 15:58:26 ] prodution   : INFO     程序开始运行，初始化完成
[ 2016-12-13 15:58:28 ] prodution   : ERROR    文件d:/opt/data/rpg/rpg.jar传输完成
[ 2016-12-13 15:58:30 ] prodution   : ERROR    文件d:/opt/data/whp/whp.txt传输完成
[ 2016-12-13 15:58:32 ] prodution   : ERROR    文件d:/opt/data/aa/aa.jar传输完成
[ 2016-12-13 15:58:36 ] prodution   : ERROR    文件d:/opt/data/whp/whp.txt传输完成
[ 2016-12-13 22:24:40 ] prodution   : INFO     程序开始运行，初始化完成
[ 2016-12-13 22:24:42 ] prodution   : ERROR    文件d:/opt/data/whp/whp.txt传输完成
